<?xml version="1.0" encoding="UTF-8"?>
<!-- Generated by org.testng.reporters.JUnitReportReporter -->
<testsuite hostname="DESKTOP-IPSKT4K" failures="0" tests="1" name="testCases.TC002_LoginTests" time="16.465" errors="0" timestamp="2025-02-09T19:13:42 IST" skipped="0">
  <testcase classname="testCases.TC002_LoginTests" name="verify_login" time="16.465"/>
</testsuite> <!-- testCases.TC002_LoginTests -->
