<?xml version="1.0" encoding="UTF-8"?>
<!-- Generated by org.testng.reporters.JUnitReportReporter -->
<testsuite hostname="DESKTOP-IPSKT4K" failures="0" tests="1" name="testCases.TC001_AccountRegistrationTest" time="21.552" errors="0" timestamp="2025-02-09T20:29:56 IST" skipped="0">
  <testcase classname="testCases.TC001_AccountRegistrationTest" name="verify_account_registration" time="21.552"/>
</testsuite> <!-- testCases.TC001_AccountRegistrationTest -->
