<?xml version="1.0" encoding="UTF-8"?>
<!-- Generated by org.testng.reporters.JUnitReportReporter -->
<testsuite hostname="DESKTOP-IPSKT4K" failures="0" tests="1" name="testCases.TC002_LoginTests" time="11.890" errors="0" timestamp="2025-02-09T20:29:56 IST" skipped="0">
  <testcase classname="testCases.TC002_LoginTests" name="verify_login" time="11.890"/>
</testsuite> <!-- testCases.TC002_LoginTests -->
